yarn run v1.5.1
$ node scripts/start.js
srcpaths [ '/Users/cody/Documents/tmp/obs-dep-test2/obs-dep-test/src',
  '/Users/cody/Documents/tmp/obs-dep-test2/obs-dep-test/node_modules/earthruntime' ]
srcpaths [ '/Users/cody/Documents/tmp/obs-dep-test2/obs-dep-test/src',
  '/Users/cody/Documents/tmp/obs-dep-test2/obs-dep-test/node_modules/earthruntime' ]
Starting the development server...

/Users/cody/Documents/tmp/obs-dep-test2/obs-dep-test/src/index.js
/Users/cody/Documents/tmp/obs-dep-test2/obs-dep-test/src/App.js
/Users/cody/Documents/tmp/obs-dep-test2/obs-dep-test/src/registerServiceWorker.js
/Users/cody/Documents/tmp/obs-dep-test2/obs-dep-test/src/Test.js
/Users/cody/Documents/tmp/obs-dep-test2/obs-dep-test/node_modules/earthruntime/src/camera/geoJson2THREE.js
/Users/cody/Documents/tmp/obs-dep-test2/obs-dep-test/node_modules/earthruntime/src/camera/HUD/HeadsUpDisplay.js
/Users/cody/Documents/tmp/obs-dep-test2/obs-dep-test/node_modules/earthruntime/src/camera/HUD/HUDLayers.js
/Users/cody/Documents/tmp/obs-dep-test2/obs-dep-test/node_modules/earthruntime/src/camera/HUD/HUDLayerGeoJson.js
/Users/cody/Documents/tmp/obs-dep-test2/obs-dep-test/node_modules/earthruntime/src/camera/HUD/HUDLayerHorizon.js
/Users/cody/Documents/tmp/obs-dep-test2/obs-dep-test/node_modules/earthruntime/src/camera/HUD/HUDLayerEcliptic.js
/Users/cody/Documents/tmp/obs-dep-test2/obs-dep-test/node_modules/earthruntime/src/camera/HUD/HUDPeers.js
/Users/cody/Documents/tmp/obs-dep-test2/obs-dep-test/node_modules/earthruntime/src/camera/components/HUDSettings.js
/Users/cody/Documents/tmp/obs-dep-test2/obs-dep-test/node_modules/earthruntime/src/camera/components/CameraPage.js
/Users/cody/Documents/tmp/obs-dep-test2/obs-dep-test/node_modules/earthruntime/src/camera/components/VideoDisplay.js
/Users/cody/Documents/tmp/obs-dep-test2/obs-dep-test/node_modules/earthruntime/src/camera/redux/actions.js
/Users/cody/Documents/tmp/obs-dep-test2/obs-dep-test/node_modules/earthruntime/src/components/NotFound.js
/Users/cody/Documents/tmp/obs-dep-test2/obs-dep-test/node_modules/earthruntime/src/geo/layerStore.js
/Users/cody/Documents/tmp/obs-dep-test2/obs-dep-test/node_modules/earthruntime/src/geo/threeObjects/orbitControls.js
/Users/cody/Documents/tmp/obs-dep-test2/obs-dep-test/node_modules/earthruntime/src/geo/components/MapPage.js
/Users/cody/Documents/tmp/obs-dep-test2/obs-dep-test/node_modules/earthruntime/src/geo/threeObjects/TrackballControls.js
/Users/cody/Documents/tmp/obs-dep-test2/obs-dep-test/node_modules/earthruntime/src/redux/actions/appActions.js
/Users/cody/Documents/tmp/obs-dep-test2/obs-dep-test/node_modules/earthruntime/src/redux/actions/index.js
/Users/cody/Documents/tmp/obs-dep-test2/obs-dep-test/node_modules/earthruntime/src/net/components/OnlineInformation.js
/Users/cody/Documents/tmp/obs-dep-test2/obs-dep-test/node_modules/earthruntime/src/media/redux/actions.js
/Users/cody/Documents/tmp/obs-dep-test2/obs-dep-test/node_modules/earthruntime/src/net/components/PeersListPage.js
/Users/cody/Documents/tmp/obs-dep-test2/obs-dep-test/node_modules/earthruntime/src/geo/layerStore.js
/Users/cody/Documents/tmp/obs-dep-test2/obs-dep-test/node_modules/earthruntime/src/camera/HUD/HUDLayers.js
/Users/cody/Documents/tmp/obs-dep-test2/obs-dep-test/node_modules/earthruntime/src/camera/HUD/HeadsUpDisplay.js
/Users/cody/Documents/tmp/obs-dep-test2/obs-dep-test/node_modules/earthruntime/src/utils/Evented.js
/Users/cody/Documents/tmp/obs-dep-test2/obs-dep-test/node_modules/earthruntime/src/camera/HUD/HUDLayer.js
/Users/cody/Documents/tmp/obs-dep-test2/obs-dep-test/node_modules/earthruntime/src/camera/HUD/HUDLayer.js
/Users/cody/Documents/tmp/obs-dep-test2/obs-dep-test/node_modules/earthruntime/src/camera/HUD/HUDLayer.js
/Users/cody/Documents/tmp/obs-dep-test2/obs-dep-test/node_modules/earthruntime/src/geo/parseAnyHazardsSpecialGeoJson.js
/Users/cody/Documents/tmp/obs-dep-test2/obs-dep-test/node_modules/earthruntime/src/camera/components/HUDLayerButton.js
/Users/cody/Documents/tmp/obs-dep-test2/obs-dep-test/node_modules/earthruntime/src/redux/actions/index.js
/Users/cody/Documents/tmp/obs-dep-test2/obs-dep-test/node_modules/earthruntime/src/geo/orientationService.js
/Users/cody/Documents/tmp/obs-dep-test2/obs-dep-test/node_modules/earthruntime/src/net/orientationXYZlistener.js
/Users/cody/Documents/tmp/obs-dep-test2/obs-dep-test/node_modules/earthruntime/src/utils/utils.js
/Users/cody/Documents/tmp/obs-dep-test2/obs-dep-test/node_modules/earthruntime/src/geo/threeObjects/TextureLight.js
/Users/cody/Documents/tmp/obs-dep-test2/obs-dep-test/node_modules/earthruntime/src/camera/HUD/HUDLayer.js
/Users/cody/Documents/tmp/obs-dep-test2/obs-dep-test/node_modules/earthruntime/src/geo/threeObjects/utils/convertLLtoECEFInRadiusUnit.js
/Users/cody/Documents/tmp/obs-dep-test2/obs-dep-test/node_modules/earthruntime/src/geo/threeObjects/utils/convertLLtoECEFInRadiusUnit.js
/Users/cody/Documents/tmp/obs-dep-test2/obs-dep-test/node_modules/earthruntime/src/net/components/ConnectedClientsComponent.js
/Users/cody/Documents/tmp/obs-dep-test2/obs-dep-test/node_modules/earthruntime/src/geo/components/ThreeMapComponent.js
/Users/cody/Documents/tmp/obs-dep-test2/obs-dep-test/node_modules/earthruntime/src/geo/components/LivemapGL.js
/Users/cody/Documents/tmp/obs-dep-test2/obs-dep-test/node_modules/earthruntime/src/utils/utils.js
/Users/cody/Documents/tmp/obs-dep-test2/obs-dep-test/node_modules/earthruntime/src/camera/redux/actions.js
/Users/cody/Documents/tmp/obs-dep-test2/obs-dep-test/node_modules/earthruntime/src/geo/redux/actions.js
/Users/cody/Documents/tmp/obs-dep-test2/obs-dep-test/node_modules/earthruntime/src/camera/WebCamera.js
/Users/cody/Documents/tmp/obs-dep-test2/obs-dep-test/node_modules/earthruntime/src/settings.js
/Users/cody/Documents/tmp/obs-dep-test2/obs-dep-test/node_modules/earthruntime/src/settings.js
/Users/cody/Documents/tmp/obs-dep-test2/obs-dep-test/node_modules/earthruntime/src/geo/threeObjects/utils/convertLLtoECEFInRadiusUnit.js
/Users/cody/Documents/tmp/obs-dep-test2/obs-dep-test/node_modules/earthruntime/src/camera/geoJson2THREE.js
/Users/cody/Documents/tmp/obs-dep-test2/obs-dep-test/node_modules/earthruntime/src/net/redux/actions.js
/Users/cody/Documents/tmp/obs-dep-test2/obs-dep-test/node_modules/earthruntime/src/camera/components/CameraSwitch.js
/Users/cody/Documents/tmp/obs-dep-test2/obs-dep-test/node_modules/earthruntime/src/camera/components/CameraSwitch.js
/Users/cody/Documents/tmp/obs-dep-test2/obs-dep-test/node_modules/earthruntime/src/camera/components/CameraButtons.js
/Users/cody/Documents/tmp/obs-dep-test2/obs-dep-test/node_modules/earthruntime/src/components/Icon.js
/Users/cody/Documents/tmp/obs-dep-test2/obs-dep-test/node_modules/earthruntime/src/components/Icon.js
/Users/cody/Documents/tmp/obs-dep-test2/obs-dep-test/node_modules/earthruntime/src/components/MinimizeMaximizeComponent.js
/Users/cody/Documents/tmp/obs-dep-test2/obs-dep-test/node_modules/earthruntime/src/camera/components/HeadsUpDisplayComponent.js
/Users/cody/Documents/tmp/obs-dep-test2/obs-dep-test/node_modules/earthruntime/src/acequia/redux/actions.js
/Users/cody/Documents/tmp/obs-dep-test2/obs-dep-test/node_modules/earthruntime/src/auth/redux/actions.js
/Users/cody/Documents/tmp/obs-dep-test2/obs-dep-test/node_modules/earthruntime/src/script/redux/actions.js
/Users/cody/Documents/tmp/obs-dep-test2/obs-dep-test/node_modules/earthruntime/src/media/mediaStore.js
/Users/cody/Documents/tmp/obs-dep-test2/obs-dep-test/node_modules/earthruntime/src/media/addMedia.js
/Users/cody/Documents/tmp/obs-dep-test2/obs-dep-test/node_modules/earthruntime/src/media/makeThumbnail.js
/Users/cody/Documents/tmp/obs-dep-test2/obs-dep-test/node_modules/earthruntime/src/camera/components/CameraCapabilities.js
/Users/cody/Documents/tmp/obs-dep-test2/obs-dep-test/node_modules/earthruntime/src/utils/utils.js
/Users/cody/Documents/tmp/obs-dep-test2/obs-dep-test/node_modules/earthruntime/src/net/components/ConnectedClientsComponent.js
/Users/cody/Documents/tmp/obs-dep-test2/obs-dep-test/node_modules/earthruntime/src/components/NavLink.js
/Users/cody/Documents/tmp/obs-dep-test2/obs-dep-test/node_modules/earthruntime/src/utils/utils.js
/Users/cody/Documents/tmp/obs-dep-test2/obs-dep-test/node_modules/earthruntime/src/camera/redux/actions.js
/Users/cody/Documents/tmp/obs-dep-test2/obs-dep-test/node_modules/earthruntime/src/settings.js
/Users/cody/Documents/tmp/obs-dep-test2/obs-dep-test/node_modules/earthruntime/src/utils/utils.js
/Users/cody/Documents/tmp/obs-dep-test2/obs-dep-test/node_modules/earthruntime/src/utils/Evented.js
/Users/cody/Documents/tmp/obs-dep-test2/obs-dep-test/node_modules/earthruntime/src/geo/threeObjects/calcam.js
/Users/cody/Documents/tmp/obs-dep-test2/obs-dep-test/node_modules/earthruntime/src/net/components/PeersList.js
/Users/cody/Documents/tmp/obs-dep-test2/obs-dep-test/node_modules/earthruntime/src/utils/Evented.js
/Users/cody/Documents/tmp/obs-dep-test2/obs-dep-test/node_modules/earthruntime/src/geo/redux/actions.js
/Users/cody/Documents/tmp/obs-dep-test2/obs-dep-test/node_modules/earthruntime/src/components/Icon.js
/Users/cody/Documents/tmp/obs-dep-test2/obs-dep-test/node_modules/earthruntime/src/camera/redux/actions.js
/Users/cody/Documents/tmp/obs-dep-test2/obs-dep-test/node_modules/earthruntime/src/camera/components/CameraSwitch.js
/Users/cody/Documents/tmp/obs-dep-test2/obs-dep-test/node_modules/earthruntime/src/geo/threeObjects/object/FocalPlane.js
/Users/cody/Documents/tmp/obs-dep-test2/obs-dep-test/node_modules/earthruntime/src/geo/threeObjects/object/Frustum.js
/Users/cody/Documents/tmp/obs-dep-test2/obs-dep-test/node_modules/earthruntime/src/acequia/getMyFirebaseRefs.js
/Users/cody/Documents/tmp/obs-dep-test2/obs-dep-test/node_modules/earthruntime/src/auth/guid.js
/Users/cody/Documents/tmp/obs-dep-test2/obs-dep-test/node_modules/earthruntime/src/acequia/fbRefWrap.js
/Users/cody/Documents/tmp/obs-dep-test2/obs-dep-test/node_modules/earthruntime/src/geo/frustrumMarkers.js
/Users/cody/Documents/tmp/obs-dep-test2/obs-dep-test/node_modules/earthruntime/src/geo/threeObjects/calcam.js
/Users/cody/Documents/tmp/obs-dep-test2/obs-dep-test/node_modules/earthruntime/src/geo/BackupElevationService.js
/Users/cody/Documents/tmp/obs-dep-test2/obs-dep-test/node_modules/earthruntime/src/redux/actions/index.js
/Users/cody/Documents/tmp/obs-dep-test2/obs-dep-test/node_modules/earthruntime/src/settings.js
/Users/cody/Documents/tmp/obs-dep-test2/obs-dep-test/node_modules/earthruntime/src/settings.js
/Users/cody/Documents/tmp/obs-dep-test2/obs-dep-test/node_modules/earthruntime/src/utils/utils.js
/Users/cody/Documents/tmp/obs-dep-test2/obs-dep-test/node_modules/earthruntime/src/acequia/getMyFirebaseRefs.js
/Users/cody/Documents/tmp/obs-dep-test2/obs-dep-test/node_modules/earthruntime/src/auth/guid.js
/Users/cody/Documents/tmp/obs-dep-test2/obs-dep-test/node_modules/earthruntime/src/components/DisplayNameComponent.js
/Users/cody/Documents/tmp/obs-dep-test2/obs-dep-test/node_modules/earthruntime/src/net/components/BroadcastSwitch.js
/Users/cody/Documents/tmp/obs-dep-test2/obs-dep-test/node_modules/earthruntime/src/components/OrientationSwitch.js
/Users/cody/Documents/tmp/obs-dep-test2/obs-dep-test/node_modules/earthruntime/src/auth/guid.js
/Users/cody/Documents/tmp/obs-dep-test2/obs-dep-test/node_modules/earthruntime/src/utils/utils.js
/Users/cody/Documents/tmp/obs-dep-test2/obs-dep-test/node_modules/earthruntime/src/auth/components/LoginComponent.js
/Users/cody/Documents/tmp/obs-dep-test2/obs-dep-test/node_modules/earthruntime/src/camera/invokeSaveAsDialog.js
/Users/cody/Documents/tmp/obs-dep-test2/obs-dep-test/node_modules/earthruntime/src/net/orientationXYZlistener.js
/Users/cody/Documents/tmp/obs-dep-test2/obs-dep-test/node_modules/earthruntime/src/components/Icon.js
/Users/cody/Documents/tmp/obs-dep-test2/obs-dep-test/node_modules/earthruntime/src/net/components/PeersList.js
/Users/cody/Documents/tmp/obs-dep-test2/obs-dep-test/node_modules/earthruntime/src/geo/redux/actions.js
/Users/cody/Documents/tmp/obs-dep-test2/obs-dep-test/node_modules/earthruntime/src/components/Icon.js
/Users/cody/Documents/tmp/obs-dep-test2/obs-dep-test/node_modules/earthruntime/src/acequia/firebase.js
/Users/cody/Documents/tmp/obs-dep-test2/obs-dep-test/node_modules/earthruntime/src/auth/loggerInner.js
/Users/cody/Documents/tmp/obs-dep-test2/obs-dep-test/node_modules/earthruntime/src/net/maintainPeerList.js
/Users/cody/Documents/tmp/obs-dep-test2/obs-dep-test/node_modules/earthruntime/src/components/PopupMenu.js
/Users/cody/Documents/tmp/obs-dep-test2/obs-dep-test/node_modules/earthruntime/src/geo/components/StyleSelector.js
/Users/cody/Documents/tmp/obs-dep-test2/obs-dep-test/node_modules/earthruntime/src/media/media.js
/Users/cody/Documents/tmp/obs-dep-test2/obs-dep-test/node_modules/earthruntime/src/media/media.js
/Users/cody/Documents/tmp/obs-dep-test2/obs-dep-test/node_modules/earthruntime/src/geo/components/LocationButton.js
/Users/cody/Documents/tmp/obs-dep-test2/obs-dep-test/node_modules/earthruntime/src/geo/components/LayerButton.js
/Users/cody/Documents/tmp/obs-dep-test2/obs-dep-test/node_modules/earthruntime/src/components/WebRTCImagePreview.js
/Users/cody/Documents/tmp/obs-dep-test2/obs-dep-test/node_modules/earthruntime/src/net/ConnectedClient.js
/Users/cody/Documents/tmp/obs-dep-test2/obs-dep-test/node_modules/earthruntime/src/components/Video2.js
/Users/cody/Documents/tmp/obs-dep-test2/obs-dep-test/node_modules/earthruntime/src/media/clientMedia.js
/Users/cody/Documents/tmp/obs-dep-test2/obs-dep-test/node_modules/earthruntime/src/camera/HUD/HeadsUpDisplay.js
/Users/cody/Documents/tmp/obs-dep-test2/obs-dep-test/node_modules/earthruntime/src/camera/HUD/HUDLayerEcliptic.js
/Users/cody/Documents/tmp/obs-dep-test2/obs-dep-test/node_modules/earthruntime/src/camera/HUD/HUDLayerHorizon.js
/Users/cody/Documents/tmp/obs-dep-test2/obs-dep-test/node_modules/earthruntime/src/camera/HUD/HUDLayerGeoJson.js
/Users/cody/Documents/tmp/obs-dep-test2/obs-dep-test/node_modules/earthruntime/src/camera/HUD/HUDPeers.js
/Users/cody/Documents/tmp/obs-dep-test2/obs-dep-test/node_modules/earthruntime/src/redux/actions/index.js
/Users/cody/Documents/tmp/obs-dep-test2/obs-dep-test/node_modules/earthruntime/src/geo/state/MapState.js
/Users/cody/Documents/tmp/obs-dep-test2/obs-dep-test/node_modules/earthruntime/src/media/components/MediaList.js
/Users/cody/Documents/tmp/obs-dep-test2/obs-dep-test/node_modules/earthruntime/src/media/components/MediaView.js
/Users/cody/Documents/tmp/obs-dep-test2/obs-dep-test/node_modules/earthruntime/src/geo/geoJson/LivemapGeoJsonLayerManager.js
/Users/cody/Documents/tmp/obs-dep-test2/obs-dep-test/node_modules/earthruntime/src/script/components/ScriptList.js
/Users/cody/Documents/tmp/obs-dep-test2/obs-dep-test/node_modules/earthruntime/src/settings.js
/Users/cody/Documents/tmp/obs-dep-test2/obs-dep-test/node_modules/earthruntime/src/geo/orientationService.js
/Users/cody/Documents/tmp/obs-dep-test2/obs-dep-test/node_modules/earthruntime/src/utils/utils.js
/Users/cody/Documents/tmp/obs-dep-test2/obs-dep-test/node_modules/earthruntime/src/camera/redux/actions.js
/Users/cody/Documents/tmp/obs-dep-test2/obs-dep-test/node_modules/earthruntime/src/components/Icon.js
/Users/cody/Documents/tmp/obs-dep-test2/obs-dep-test/node_modules/earthruntime/src/camera/redux/actions.js
/Users/cody/Documents/tmp/obs-dep-test2/obs-dep-test/node_modules/earthruntime/node_modules/three/build/three.module.js
/Users/cody/Documents/tmp/obs-dep-test2/obs-dep-test/node_modules/earthruntime/node_modules/three/build/three.module.js
/Users/cody/Documents/tmp/obs-dep-test2/obs-dep-test/node_modules/earthruntime/node_modules/three/build/three.module.js
/Users/cody/Documents/tmp/obs-dep-test2/obs-dep-test/node_modules/earthruntime/node_modules/three/build/three.module.js
/Users/cody/Documents/tmp/obs-dep-test2/obs-dep-test/node_modules/earthruntime/node_modules/three/build/three.module.js
/Users/cody/Documents/tmp/obs-dep-test2/obs-dep-test/node_modules/earthruntime/node_modules/three/build/three.module.js
/Users/cody/Documents/tmp/obs-dep-test2/obs-dep-test/node_modules/earthruntime/node_modules/three/build/three.module.js
/Users/cody/Documents/tmp/obs-dep-test2/obs-dep-test/node_modules/earthruntime/node_modules/three/build/three.module.js
/Users/cody/Documents/tmp/obs-dep-test2/obs-dep-test/node_modules/earthruntime/node_modules/three/build/three.module.js
/Users/cody/Documents/tmp/obs-dep-test2/obs-dep-test/node_modules/earthruntime/node_modules/three/build/three.module.js
/Users/cody/Documents/tmp/obs-dep-test2/obs-dep-test/node_modules/earthruntime/node_modules/three/build/three.module.js
/Users/cody/Documents/tmp/obs-dep-test2/obs-dep-test/node_modules/earthruntime/src/components/Icon.js
/Users/cody/Documents/tmp/obs-dep-test2/obs-dep-test/node_modules/earthruntime/src/camera/HUD/HUDLayerGeoJsonFireBase.js
/Users/cody/Documents/tmp/obs-dep-test2/obs-dep-test/node_modules/earthruntime/src/utils/generateRandomName.js
/Users/cody/Documents/tmp/obs-dep-test2/obs-dep-test/node_modules/earthruntime/src/camera/redux/actions.js
/Users/cody/Documents/tmp/obs-dep-test2/obs-dep-test/node_modules/earthruntime/src/camera/components/HUDSettings.js
/Users/cody/Documents/tmp/obs-dep-test2/obs-dep-test/node_modules/earthruntime/src/settings.js
/Users/cody/Documents/tmp/obs-dep-test2/obs-dep-test/node_modules/earthruntime/src/redux/actions/index.js
/Users/cody/Documents/tmp/obs-dep-test2/obs-dep-test/node_modules/earthruntime/src/utils/utils.js
/Users/cody/Documents/tmp/obs-dep-test2/obs-dep-test/node_modules/earthruntime/src/acequia/firebase.js
/Users/cody/Documents/tmp/obs-dep-test2/obs-dep-test/node_modules/earthruntime/src/utils/utils.js
/Users/cody/Documents/tmp/obs-dep-test2/obs-dep-test/node_modules/earthruntime/src/geo/threeObjects/calcam.js
/Users/cody/Documents/tmp/obs-dep-test2/obs-dep-test/node_modules/earthruntime/src/net/firebaseTreeTrimmer.js
/Users/cody/Documents/tmp/obs-dep-test2/obs-dep-test/node_modules/earthruntime/src/net/getICEServers.js
/Users/cody/Documents/tmp/obs-dep-test2/obs-dep-test/node_modules/earthruntime/src/net/serverOfOrientation.js
/Users/cody/Documents/tmp/obs-dep-test2/obs-dep-test/node_modules/earthruntime/src/net/serverOfStream.js
/Users/cody/Documents/tmp/obs-dep-test2/obs-dep-test/node_modules/earthruntime/node_modules/three/build/three.module.js
/Users/cody/Documents/tmp/obs-dep-test2/obs-dep-test/node_modules/earthruntime/src/geo/threeObjects/calcam.js
/Users/cody/Documents/tmp/obs-dep-test2/obs-dep-test/node_modules/earthruntime/node_modules/three/build/three.module.js
/Users/cody/Documents/tmp/obs-dep-test2/obs-dep-test/node_modules/earthruntime/src/settings.js
/Users/cody/Documents/tmp/obs-dep-test2/obs-dep-test/node_modules/earthruntime/src/components/PopupMenu.js
/Users/cody/Documents/tmp/obs-dep-test2/obs-dep-test/node_modules/earthruntime/src/components/Icon.js
/Users/cody/Documents/tmp/obs-dep-test2/obs-dep-test/node_modules/earthruntime/src/media/media.js
/Users/cody/Documents/tmp/obs-dep-test2/obs-dep-test/node_modules/earthruntime/src/net/orientationXYZlistener.js
/Users/cody/Documents/tmp/obs-dep-test2/obs-dep-test/node_modules/earthruntime/src/geo/threeObjects/TextureLight.js
/Users/cody/Documents/tmp/obs-dep-test2/obs-dep-test/node_modules/earthruntime/src/geo/threeObjects/calcam.js
/Users/cody/Documents/tmp/obs-dep-test2/obs-dep-test/node_modules/earthruntime/src/geo/threeObjects/orbitControls.js
/Users/cody/Documents/tmp/obs-dep-test2/obs-dep-test/node_modules/earthruntime/node_modules/three/build/three.module.js
/Users/cody/Documents/tmp/obs-dep-test2/obs-dep-test/node_modules/earthruntime/src/acequia/firebase.js
/Users/cody/Documents/tmp/obs-dep-test2/obs-dep-test/node_modules/earthruntime/src/geo/state/MapState.js
/Users/cody/Documents/tmp/obs-dep-test2/obs-dep-test/node_modules/earthruntime/src/auth/guid.js
/Users/cody/Documents/tmp/obs-dep-test2/obs-dep-test/node_modules/earthruntime/src/acequia/fbRefWrap.js
/Users/cody/Documents/tmp/obs-dep-test2/obs-dep-test/node_modules/earthruntime/src/geo/layerStore.js
/Users/cody/Documents/tmp/obs-dep-test2/obs-dep-test/node_modules/earthruntime/src/utils/utils.js
/Users/cody/Documents/tmp/obs-dep-test2/obs-dep-test/node_modules/earthruntime/src/geo/threeObjects/utils/TileDataSet.js
/Users/cody/Documents/tmp/obs-dep-test2/obs-dep-test/node_modules/earthruntime/src/geo/threeObjects/utils/misc.js
/Users/cody/Documents/tmp/obs-dep-test2/obs-dep-test/node_modules/earthruntime/src/media/mediaStore.js
/Users/cody/Documents/tmp/obs-dep-test2/obs-dep-test/node_modules/earthruntime/src/components/NumberInputComponent.js
/Users/cody/Documents/tmp/obs-dep-test2/obs-dep-test/node_modules/earthruntime/src/geo/threeObjects/object/ProjectiveMeshArea.js
/Users/cody/Documents/tmp/obs-dep-test2/obs-dep-test/node_modules/earthruntime/src/geo/threeObjects/flyToOverTheShoulder.js
/Users/cody/Documents/tmp/obs-dep-test2/obs-dep-test/node_modules/earthruntime/src/geo/threeObjects/flyControls.js
/Users/cody/Documents/tmp/obs-dep-test2/obs-dep-test/node_modules/earthruntime/src/geo/threeObjects/utils/ECEF.js
/Users/cody/Documents/tmp/obs-dep-test2/obs-dep-test/node_modules/earthruntime/src/settings.js
/Users/cody/Documents/tmp/obs-dep-test2/obs-dep-test/node_modules/earthruntime/src/utils/Evented.js
/Users/cody/Documents/tmp/obs-dep-test2/obs-dep-test/node_modules/earthruntime/src/auth/guid.js
/Users/cody/Documents/tmp/obs-dep-test2/obs-dep-test/node_modules/earthruntime/src/components/Icon.js
/Users/cody/Documents/tmp/obs-dep-test2/obs-dep-test/node_modules/earthruntime/src/geo/layerStore.js
/Users/cody/Documents/tmp/obs-dep-test2/obs-dep-test/node_modules/earthruntime/src/acequia/firebase.js
/Users/cody/Documents/tmp/obs-dep-test2/obs-dep-test/node_modules/earthruntime/src/utils/utils.js
/Users/cody/Documents/tmp/obs-dep-test2/obs-dep-test/node_modules/earthruntime/src/auth/guid.js
/Users/cody/Documents/tmp/obs-dep-test2/obs-dep-test/node_modules/earthruntime/src/acequia/firebase.js
/Users/cody/Documents/tmp/obs-dep-test2/obs-dep-test/node_modules/earthruntime/src/acequia/fbRefWrap.js
/Users/cody/Documents/tmp/obs-dep-test2/obs-dep-test/node_modules/earthruntime/src/geo/parseAnyHazardsSpecialGeoJson.js
/Users/cody/Documents/tmp/obs-dep-test2/obs-dep-test/node_modules/earthruntime/src/camera/HUD/HUDLayerGeoJson.js
/Users/cody/Documents/tmp/obs-dep-test2/obs-dep-test/node_modules/earthruntime/src/net/P2PClient.js
/Users/cody/Documents/tmp/obs-dep-test2/obs-dep-test/node_modules/earthruntime/src/net/maintainPeerList.js
/Users/cody/Documents/tmp/obs-dep-test2/obs-dep-test/node_modules/earthruntime/src/geo/geoJson/LivemapGeoJsonLayer.js
/Users/cody/Documents/tmp/obs-dep-test2/obs-dep-test/node_modules/earthruntime/src/geo/geoJson/LivemapFirebaseGeoJson.js
/Users/cody/Documents/tmp/obs-dep-test2/obs-dep-test/node_modules/earthruntime/src/geo/parseAnyHazardsSpecialGeoJson.js
/Users/cody/Documents/tmp/obs-dep-test2/obs-dep-test/node_modules/earthruntime/src/script/scripts.js
/Users/cody/Documents/tmp/obs-dep-test2/obs-dep-test/node_modules/earthruntime/src/script/scheduler.js
/Users/cody/Documents/tmp/obs-dep-test2/obs-dep-test/node_modules/earthruntime/src/components/Icon.js
/Users/cody/Documents/tmp/obs-dep-test2/obs-dep-test/node_modules/earthruntime/src/geo/redux/actions.js
/Users/cody/Documents/tmp/obs-dep-test2/obs-dep-test/node_modules/earthruntime/src/net/components/PeerListRow.js
/Users/cody/Documents/tmp/obs-dep-test2/obs-dep-test/node_modules/earthruntime/src/utils/utils.js
/Users/cody/Documents/tmp/obs-dep-test2/obs-dep-test/node_modules/earthruntime/src/settings.js
/Users/cody/Documents/tmp/obs-dep-test2/obs-dep-test/node_modules/earthruntime/src/acequia/getMyFirebaseRefs.js
/Users/cody/Documents/tmp/obs-dep-test2/obs-dep-test/node_modules/earthruntime/src/auth/guid.js
/Users/cody/Documents/tmp/obs-dep-test2/obs-dep-test/node_modules/earthruntime/src/geo/orientationService.js
/Users/cody/Documents/tmp/obs-dep-test2/obs-dep-test/node_modules/earthruntime/src/media/mediaStore.js
/Users/cody/Documents/tmp/obs-dep-test2/obs-dep-test/node_modules/earthruntime/node_modules/three/build/three.module.js
/Users/cody/Documents/tmp/obs-dep-test2/obs-dep-test/node_modules/earthruntime/src/settings.js
/Users/cody/Documents/tmp/obs-dep-test2/obs-dep-test/node_modules/earthruntime/src/acequia/getMyFirebaseRefs.js
/Users/cody/Documents/tmp/obs-dep-test2/obs-dep-test/node_modules/earthruntime/src/geo/orientationService.js
/Users/cody/Documents/tmp/obs-dep-test2/obs-dep-test/node_modules/earthruntime/src/auth/guid.js
/Users/cody/Documents/tmp/obs-dep-test2/obs-dep-test/node_modules/earthruntime/src/utils/utils.js
/Users/cody/Documents/tmp/obs-dep-test2/obs-dep-test/node_modules/earthruntime/src/geo/redux/actions.js
/Users/cody/Documents/tmp/obs-dep-test2/obs-dep-test/node_modules/earthruntime/src/auth/guid.js
/Users/cody/Documents/tmp/obs-dep-test2/obs-dep-test/node_modules/earthruntime/src/net/P2PServer.js
/Users/cody/Documents/tmp/obs-dep-test2/obs-dep-test/node_modules/earthruntime/src/settings.js
/Users/cody/Documents/tmp/obs-dep-test2/obs-dep-test/node_modules/earthruntime/src/utils/Evented.js
/Users/cody/Documents/tmp/obs-dep-test2/obs-dep-test/node_modules/earthruntime/src/acequia/getMyFirebaseRefs.js
/Users/cody/Documents/tmp/obs-dep-test2/obs-dep-test/node_modules/earthruntime/src/net/PeerBinary.js
/Users/cody/Documents/tmp/obs-dep-test2/obs-dep-test/node_modules/earthruntime/src/geo/parseAnyHazardsSpecialGeoJson.js
/Users/cody/Documents/tmp/obs-dep-test2/obs-dep-test/node_modules/earthruntime/src/geo/layerStore.js
/Users/cody/Documents/tmp/obs-dep-test2/obs-dep-test/node_modules/earthruntime/src/geo/threeObjects/utils/TileDataSet.js
/Users/cody/Documents/tmp/obs-dep-test2/obs-dep-test/node_modules/earthruntime/src/geo/threeObjects/utils/misc.js
/Users/cody/Documents/tmp/obs-dep-test2/obs-dep-test/node_modules/earthruntime/src/geo/threeObjects/utils/ECEF.js
/Users/cody/Documents/tmp/obs-dep-test2/obs-dep-test/node_modules/earthruntime/node_modules/three/build/three.module.js
/Users/cody/Documents/tmp/obs-dep-test2/obs-dep-test/node_modules/earthruntime/src/geo/geoJson/utils.js
/Users/cody/Documents/tmp/obs-dep-test2/obs-dep-test/node_modules/earthruntime/src/geo/threeObjects/utils/RgbTile2Canvas.js
/Users/cody/Documents/tmp/obs-dep-test2/obs-dep-test/node_modules/earthruntime/src/geo/threeObjects/material/TextureMeshAreaMaterial.js
/Users/cody/Documents/tmp/obs-dep-test2/obs-dep-test/node_modules/earthruntime/src/geo/threeObjects/material/TextureMeshMaterial.js
/Users/cody/Documents/tmp/obs-dep-test2/obs-dep-test/node_modules/earthruntime/src/settings.js
/Users/cody/Documents/tmp/obs-dep-test2/obs-dep-test/node_modules/earthruntime/src/net/PeerBinary.js
/Users/cody/Documents/tmp/obs-dep-test2/obs-dep-test/node_modules/earthruntime/src/utils/Evented.js
/Users/cody/Documents/tmp/obs-dep-test2/obs-dep-test/node_modules/earthruntime/src/acequia/getMyFirebaseRefs.js
/Users/cody/Documents/tmp/obs-dep-test2/obs-dep-test/node_modules/earthruntime/src/utils/dataUtils.js
/Users/cody/Documents/tmp/obs-dep-test2/obs-dep-test/node_modules/earthruntime/src/geo/threeObjects/utils/misc.js
/Users/cody/Documents/tmp/obs-dep-test2/obs-dep-test/node_modules/earthruntime/node_modules/three/build/three.module.js
/Users/cody/Documents/tmp/obs-dep-test2/obs-dep-test/node_modules/earthruntime/src/acequia/fbRefWrap.js
/Users/cody/Documents/tmp/obs-dep-test2/obs-dep-test/node_modules/earthruntime/src/geo/geoJson/LivemapGeoJsonLayer.js
/Users/cody/Documents/tmp/obs-dep-test2/obs-dep-test/node_modules/earthruntime/src/geo/threeObjects/utils/DataSet.js
/Users/cody/Documents/tmp/obs-dep-test2/obs-dep-test/node_modules/earthruntime/src/utils/utils.js
/Users/cody/Documents/tmp/obs-dep-test2/obs-dep-test/node_modules/earthruntime/src/auth/guid.js
/Users/cody/Documents/tmp/obs-dep-test2/obs-dep-test/node_modules/earthruntime/src/settings.js
/Users/cody/Documents/tmp/obs-dep-test2/obs-dep-test/node_modules/earthruntime/src/components/Icon.js
/Users/cody/Documents/tmp/obs-dep-test2/obs-dep-test/node_modules/earthruntime/src/net/redux/actions.js
/Users/cody/Documents/tmp/obs-dep-test2/obs-dep-test/node_modules/earthruntime/src/geo/threeObjects/utils/TileDataSet.js
/Users/cody/Documents/tmp/obs-dep-test2/obs-dep-test/node_modules/earthruntime/src/geo/threeObjects/utils/misc.js
/Users/cody/Documents/tmp/obs-dep-test2/obs-dep-test/node_modules/earthruntime/src/settings.js
/Users/cody/Documents/tmp/obs-dep-test2/obs-dep-test/node_modules/earthruntime/src/geo/orientationService.js
/Users/cody/Documents/tmp/obs-dep-test2/obs-dep-test/node_modules/earthruntime/src/components/Icon.js
/Users/cody/Documents/tmp/obs-dep-test2/obs-dep-test/node_modules/earthruntime/src/redux/actions/index.js
/Users/cody/Documents/tmp/obs-dep-test2/obs-dep-test/node_modules/earthruntime/src/utils/utils.js
/Users/cody/Documents/tmp/obs-dep-test2/obs-dep-test/node_modules/earthruntime/src/auth/redux/actions.js
/Users/cody/Documents/tmp/obs-dep-test2/obs-dep-test/node_modules/earthruntime/src/components/Icon.js
/Users/cody/Documents/tmp/obs-dep-test2/obs-dep-test/node_modules/earthruntime/src/script/components/ScriptRow.js
/Users/cody/Documents/tmp/obs-dep-test2/obs-dep-test/node_modules/earthruntime/src/geo/threeObjects/utils/ECEF.js
/Users/cody/Documents/tmp/obs-dep-test2/obs-dep-test/node_modules/earthruntime/node_modules/three/build/three.module.js
/Users/cody/Documents/tmp/obs-dep-test2/obs-dep-test/node_modules/earthruntime/node_modules/three/build/three.module.js
/Users/cody/Documents/tmp/obs-dep-test2/obs-dep-test/node_modules/earthruntime/src/script/components/Script.js
/Users/cody/Documents/tmp/obs-dep-test2/obs-dep-test/node_modules/earthruntime/src/settings.js
Compiled with warnings.

./src/Test.js
/Users/cody/Documents/tmp/obs-dep-test2/obs-dep-test/src/Test.js
   5:10  warning  'LAYER_CHANGE_EVENT' is defined but never used    no-unused-vars
  11:10  warning  'OrbitControls' is defined but never used         no-unused-vars
  19:8   warning  'VideoDisplay' is defined but never used          no-unused-vars
  24:10  warning  'setFullscreenEnabled' is defined but never used  no-unused-vars
  25:10  warning  'NotFound' is defined but never used              no-unused-vars
  26:10  warning  'MapPage' is defined but never used               no-unused-vars
  32:8   warning  'OnlineInformation' is defined but never used     no-unused-vars
  33:10  warning  'PeersListPage' is defined but never used         no-unused-vars
  94:9   warning  'i' is assigned a value but never used            no-unused-vars

✖ 9 problems (0 errors, 9 warnings)

Search for the keywords to learn more about each warning.
To ignore, add // eslint-disable-next-line to the line before.

